{"C:\\projeto\\api_jwt_src\\backend-api-jwt\\app\\lib\\logger.js": {"path":"C:\\projeto\\api_jwt_src\\backend-api-jwt\\app\\lib\\logger.js","statementMap":{"0":{"start":{"line":1,"column":16},"end":{"line":1,"column":34}},"1":{"start":{"line":3,"column":15},"end":{"line":11,"column":2}},"2":{"start":{"line":14,"column":0},"end":{"line":14,"column":24}}},"fnMap":{},"branchMap":{},"s":{"0":2,"1":2,"2":2},"f":{},"b":{},"_coverageSchema":"1a1c01bbd47fc00a2c39e90264f33305004495a9","hash":"9f5bbf0cf4461b576f0e7e0b4b4134da83933f71"}
,"C:\\projeto\\api_jwt_src\\backend-api-jwt\\app\\lib\\server.js": {"path":"C:\\projeto\\api_jwt_src\\backend-api-jwt\\app\\lib\\server.js","statementMap":{"0":{"start":{"line":1,"column":13},"end":{"line":1,"column":34}},"1":{"start":{"line":2,"column":15},"end":{"line":2,"column":34}},"2":{"start":{"line":3,"column":15},"end":{"line":3,"column":49}},"3":{"start":{"line":4,"column":12},"end":{"line":4,"column":40}},"4":{"start":{"line":5,"column":17},"end":{"line":5,"column":43}},"5":{"start":{"line":6,"column":15},"end":{"line":6,"column":37}},"6":{"start":{"line":10,"column":4},"end":{"line":10,"column":22}},"7":{"start":{"line":14,"column":30},"end":{"line":14,"column":58}},"8":{"start":{"line":15,"column":0},"end":{"line":15,"column":41}},"9":{"start":{"line":16,"column":0},"end":{"line":16,"column":25}},"10":{"start":{"line":19,"column":15},"end":{"line":27,"column":2}},"11":{"start":{"line":29,"column":0},"end":{"line":29,"column":21}},"12":{"start":{"line":30,"column":0},"end":{"line":30,"column":18}},"13":{"start":{"line":34,"column":4},"end":{"line":34,"column":53}},"14":{"start":{"line":35,"column":4},"end":{"line":35,"column":20}},"15":{"start":{"line":39,"column":16},"end":{"line":39,"column":47}},"16":{"start":{"line":41,"column":0},"end":{"line":41,"column":49}},"17":{"start":{"line":43,"column":13},"end":{"line":43,"column":28}},"18":{"start":{"line":44,"column":11},"end":{"line":44,"column":24}},"19":{"start":{"line":45,"column":16},"end":{"line":45,"column":34}},"20":{"start":{"line":47,"column":21},"end":{"line":47,"column":35}},"21":{"start":{"line":49,"column":0},"end":{"line":51,"column":1}},"22":{"start":{"line":50,"column":2},"end":{"line":50,"column":29}},"23":{"start":{"line":53,"column":27},"end":{"line":56,"column":2}},"24":{"start":{"line":58,"column":30},"end":{"line":60,"column":2}},"25":{"start":{"line":62,"column":21},"end":{"line":69,"column":2}},"26":{"start":{"line":71,"column":0},"end":{"line":89,"column":2}},"27":{"start":{"line":73,"column":4},"end":{"line":73,"column":30}},"28":{"start":{"line":74,"column":4},"end":{"line":76,"column":6}},"29":{"start":{"line":77,"column":4},"end":{"line":77,"column":18}},"30":{"start":{"line":80,"column":4},"end":{"line":80,"column":25}},"31":{"start":{"line":81,"column":4},"end":{"line":83,"column":6}},"32":{"start":{"line":84,"column":4},"end":{"line":84,"column":18}}},"fnMap":{"0":{"name":"(anonymous_0)","decl":{"start":{"line":33,"column":2},"end":{"line":33,"column":3}},"loc":{"start":{"line":33,"column":14},"end":{"line":36,"column":3}},"line":33},"1":{"name":"(anonymous_1)","decl":{"start":{"line":72,"column":8},"end":{"line":72,"column":9}},"loc":{"start":{"line":72,"column":20},"end":{"line":78,"column":3}},"line":72},"2":{"name":"(anonymous_2)","decl":{"start":{"line":79,"column":9},"end":{"line":79,"column":10}},"loc":{"start":{"line":79,"column":21},"end":{"line":85,"column":3}},"line":79}},"branchMap":{"0":{"loc":{"start":{"line":49,"column":0},"end":{"line":51,"column":1}},"type":"if","locations":[{"start":{"line":49,"column":0},"end":{"line":51,"column":1}},{"start":{},"end":{}}],"line":49}},"s":{"0":2,"1":2,"2":2,"3":2,"4":2,"5":2,"6":2,"7":2,"8":2,"9":2,"10":2,"11":2,"12":2,"13":1,"14":1,"15":2,"16":2,"17":2,"18":2,"19":2,"20":2,"21":2,"22":1,"23":2,"24":2,"25":2,"26":2,"27":7,"28":7,"29":7,"30":1,"31":1,"32":1},"f":{"0":1,"1":7,"2":1},"b":{"0":[1,1]},"_coverageSchema":"1a1c01bbd47fc00a2c39e90264f33305004495a9","hash":"c2bff9636b43f8d36683c8444e9403456e39ba43"}
,"C:\\projeto\\api_jwt_src\\backend-api-jwt\\app\\lib\\trace.js": {"path":"C:\\projeto\\api_jwt_src\\backend-api-jwt\\app\\lib\\trace.js","statementMap":{"0":{"start":{"line":1,"column":22},"end":{"line":1,"column":56}},"1":{"start":{"line":4,"column":4},"end":{"line":4,"column":56}},"2":{"start":{"line":5,"column":31},"end":{"line":5,"column":76}},"3":{"start":{"line":6,"column":32},"end":{"line":6,"column":72}},"4":{"start":{"line":7,"column":21},"end":{"line":7,"column":56}},"5":{"start":{"line":10,"column":4},"end":{"line":10,"column":50}},"6":{"start":{"line":12,"column":31},"end":{"line":30,"column":1}},"7":{"start":{"line":13,"column":24},"end":{"line":13,"column":49}},"8":{"start":{"line":14,"column":14},"end":{"line":23,"column":4}},"9":{"start":{"line":25,"column":2},"end":{"line":25,"column":14}},"10":{"start":{"line":27,"column":2},"end":{"line":29,"column":5}},"11":{"start":{"line":28,"column":4},"end":{"line":28,"column":25}},"12":{"start":{"line":32,"column":24},"end":{"line":37,"column":1}},"13":{"start":{"line":33,"column":2},"end":{"line":36,"column":71}},"14":{"start":{"line":35,"column":16},"end":{"line":35,"column":49}},"15":{"start":{"line":36,"column":22},"end":{"line":36,"column":69}},"16":{"start":{"line":39,"column":0},"end":{"line":39,"column":61}}},"fnMap":{"0":{"name":"(anonymous_0)","decl":{"start":{"line":12,"column":31},"end":{"line":12,"column":32}},"loc":{"start":{"line":12,"column":43},"end":{"line":30,"column":1}},"line":12},"1":{"name":"(anonymous_1)","decl":{"start":{"line":27,"column":24},"end":{"line":27,"column":25}},"loc":{"start":{"line":27,"column":30},"end":{"line":29,"column":3}},"line":27},"2":{"name":"(anonymous_2)","decl":{"start":{"line":32,"column":24},"end":{"line":32,"column":25}},"loc":{"start":{"line":32,"column":33},"end":{"line":37,"column":1}},"line":32},"3":{"name":"(anonymous_3)","decl":{"start":{"line":35,"column":10},"end":{"line":35,"column":11}},"loc":{"start":{"line":35,"column":16},"end":{"line":35,"column":49}},"line":35},"4":{"name":"(anonymous_4)","decl":{"start":{"line":36,"column":11},"end":{"line":36,"column":12}},"loc":{"start":{"line":36,"column":22},"end":{"line":36,"column":69}},"line":36}},"branchMap":{},"s":{"0":3,"1":3,"2":3,"3":3,"4":3,"5":3,"6":3,"7":4,"8":4,"9":4,"10":4,"11":0,"12":3,"13":2,"14":1,"15":1,"16":3},"f":{"0":4,"1":0,"2":2,"3":1,"4":1},"b":{},"_coverageSchema":"1a1c01bbd47fc00a2c39e90264f33305004495a9","hash":"a223d48b9cfa020be09de46680c5f3036005bd4d"}
,"C:\\projeto\\api_jwt_src\\backend-api-jwt\\app\\lib\\traceLog.js": {"path":"C:\\projeto\\api_jwt_src\\backend-api-jwt\\app\\lib\\traceLog.js","statementMap":{"0":{"start":{"line":1,"column":15},"end":{"line":1,"column":34}},"1":{"start":{"line":2,"column":19},"end":{"line":2,"column":38}},"2":{"start":{"line":3,"column":35},"end":{"line":3,"column":53}},"3":{"start":{"line":4,"column":0},"end":{"line":4,"column":25}},"4":{"start":{"line":9,"column":11},"end":{"line":13,"column":1}},"5":{"start":{"line":10,"column":2},"end":{"line":10,"column":25}},"6":{"start":{"line":11,"column":2},"end":{"line":11,"column":66}},"7":{"start":{"line":12,"column":2},"end":{"line":12,"column":28}},"8":{"start":{"line":15,"column":16},"end":{"line":22,"column":1}},"9":{"start":{"line":16,"column":13},"end":{"line":16,"column":77}},"10":{"start":{"line":17,"column":2},"end":{"line":21,"column":4}},"11":{"start":{"line":24,"column":24},"end":{"line":26,"column":1}},"12":{"start":{"line":25,"column":2},"end":{"line":25,"column":60}},"13":{"start":{"line":28,"column":19},"end":{"line":35,"column":1}},"14":{"start":{"line":29,"column":13},"end":{"line":29,"column":77}},"15":{"start":{"line":30,"column":2},"end":{"line":34,"column":4}},"16":{"start":{"line":37,"column":25},"end":{"line":44,"column":1}},"17":{"start":{"line":38,"column":13},"end":{"line":38,"column":77}},"18":{"start":{"line":39,"column":2},"end":{"line":43,"column":4}},"19":{"start":{"line":46,"column":19},"end":{"line":53,"column":1}},"20":{"start":{"line":47,"column":13},"end":{"line":47,"column":77}},"21":{"start":{"line":48,"column":2},"end":{"line":52,"column":4}},"22":{"start":{"line":55,"column":0},"end":{"line":62,"column":2}}},"fnMap":{"0":{"name":"(anonymous_0)","decl":{"start":{"line":9,"column":11},"end":{"line":9,"column":12}},"loc":{"start":{"line":9,"column":17},"end":{"line":13,"column":1}},"line":9},"1":{"name":"(anonymous_1)","decl":{"start":{"line":15,"column":16},"end":{"line":15,"column":17}},"loc":{"start":{"line":15,"column":29},"end":{"line":22,"column":1}},"line":15},"2":{"name":"(anonymous_2)","decl":{"start":{"line":24,"column":24},"end":{"line":24,"column":25}},"loc":{"start":{"line":24,"column":38},"end":{"line":26,"column":1}},"line":24},"3":{"name":"(anonymous_3)","decl":{"start":{"line":28,"column":19},"end":{"line":28,"column":20}},"loc":{"start":{"line":28,"column":54},"end":{"line":35,"column":1}},"line":28},"4":{"name":"(anonymous_4)","decl":{"start":{"line":37,"column":25},"end":{"line":37,"column":26}},"loc":{"start":{"line":37,"column":43},"end":{"line":44,"column":1}},"line":37},"5":{"name":"(anonymous_5)","decl":{"start":{"line":46,"column":19},"end":{"line":46,"column":20}},"loc":{"start":{"line":46,"column":49},"end":{"line":53,"column":1}},"line":46}},"branchMap":{"0":{"loc":{"start":{"line":16,"column":13},"end":{"line":16,"column":77}},"type":"binary-expr","locations":[{"start":{"line":16,"column":13},"end":{"line":16,"column":47}},{"start":{"line":16,"column":51},"end":{"line":16,"column":77}}],"line":16},"1":{"loc":{"start":{"line":29,"column":13},"end":{"line":29,"column":77}},"type":"binary-expr","locations":[{"start":{"line":29,"column":13},"end":{"line":29,"column":47}},{"start":{"line":29,"column":51},"end":{"line":29,"column":77}}],"line":29},"2":{"loc":{"start":{"line":38,"column":13},"end":{"line":38,"column":77}},"type":"binary-expr","locations":[{"start":{"line":38,"column":13},"end":{"line":38,"column":47}},{"start":{"line":38,"column":51},"end":{"line":38,"column":77}}],"line":38},"3":{"loc":{"start":{"line":47,"column":13},"end":{"line":47,"column":77}},"type":"binary-expr","locations":[{"start":{"line":47,"column":13},"end":{"line":47,"column":47}},{"start":{"line":47,"column":51},"end":{"line":47,"column":77}}],"line":47}},"s":{"0":2,"1":2,"2":2,"3":2,"4":2,"5":19,"6":19,"7":19,"8":2,"9":3,"10":3,"11":2,"12":4,"13":2,"14":2,"15":2,"16":2,"17":1,"18":1,"19":2,"20":0,"21":0,"22":2},"f":{"0":19,"1":3,"2":4,"3":2,"4":1,"5":0},"b":{"0":[3,3],"1":[2,2],"2":[1,1],"3":[0,0]},"_coverageSchema":"1a1c01bbd47fc00a2c39e90264f33305004495a9","hash":"1adac6911a21c055b53d8a74cfc678df783a99c7"}
,"C:\\projeto\\api_jwt_src\\backend-api-jwt\\app\\routes\\api.get.js": {"path":"C:\\projeto\\api_jwt_src\\backend-api-jwt\\app\\routes\\api.get.js","statementMap":{"0":{"start":{"line":1,"column":20},"end":{"line":1,"column":46}},"1":{"start":{"line":3,"column":0},"end":{"line":25,"column":2}},"2":{"start":{"line":8,"column":6},"end":{"line":8,"column":23}},"3":{"start":{"line":9,"column":6},"end":{"line":13,"column":8}},"4":{"start":{"line":21,"column":6},"end":{"line":21,"column":23}},"5":{"start":{"line":22,"column":6},"end":{"line":22,"column":70}}},"fnMap":{"0":{"name":"(anonymous_0)","decl":{"start":{"line":7,"column":13},"end":{"line":7,"column":14}},"loc":{"start":{"line":7,"column":29},"end":{"line":14,"column":5}},"line":7},"1":{"name":"(anonymous_1)","decl":{"start":{"line":20,"column":13},"end":{"line":20,"column":14}},"loc":{"start":{"line":20,"column":29},"end":{"line":23,"column":5}},"line":20}},"branchMap":{},"s":{"0":2,"1":2,"2":1,"3":1,"4":1,"5":1},"f":{"0":1,"1":1},"b":{},"_coverageSchema":"1a1c01bbd47fc00a2c39e90264f33305004495a9","hash":"59f464382d4489048a5c7b631cb6711bab646d64"}
,"C:\\projeto\\api_jwt_src\\backend-api-jwt\\app\\routes\\claims.routes.js": {"path":"C:\\projeto\\api_jwt_src\\backend-api-jwt\\app\\routes\\claims.routes.js","statementMap":{"0":{"start":{"line":1,"column":20},"end":{"line":1,"column":46}},"1":{"start":{"line":2,"column":23},"end":{"line":2,"column":49}},"2":{"start":{"line":3,"column":23},"end":{"line":3,"column":49}},"3":{"start":{"line":4,"column":28},"end":{"line":4,"column":54}},"4":{"start":{"line":5,"column":29},"end":{"line":5,"column":55}},"5":{"start":{"line":6,"column":28},"end":{"line":6,"column":65}},"6":{"start":{"line":8,"column":17},"end":{"line":27,"column":1}},"7":{"start":{"line":9,"column":2},"end":{"line":26,"column":3}},"8":{"start":{"line":10,"column":20},"end":{"line":10,"column":35}},"9":{"start":{"line":11,"column":4},"end":{"line":13,"column":6}},"10":{"start":{"line":14,"column":28},"end":{"line":14,"column":52}},"11":{"start":{"line":15,"column":4},"end":{"line":18,"column":5}},"12":{"start":{"line":16,"column":6},"end":{"line":16,"column":65}},"13":{"start":{"line":17,"column":6},"end":{"line":17,"column":64}},"14":{"start":{"line":19,"column":4},"end":{"line":19,"column":45}},"15":{"start":{"line":20,"column":27},"end":{"line":20,"column":72}},"16":{"start":{"line":21,"column":4},"end":{"line":21,"column":21}},"17":{"start":{"line":22,"column":4},"end":{"line":22,"column":61}},"18":{"start":{"line":24,"column":4},"end":{"line":24,"column":31}},"19":{"start":{"line":25,"column":4},"end":{"line":25,"column":73}},"20":{"start":{"line":29,"column":0},"end":{"line":53,"column":2}},"21":{"start":{"line":39,"column":6},"end":{"line":39,"column":48}},"22":{"start":{"line":40,"column":6},"end":{"line":40,"column":63}}},"fnMap":{"0":{"name":"(anonymous_0)","decl":{"start":{"line":8,"column":17},"end":{"line":8,"column":18}},"loc":{"start":{"line":8,"column":33},"end":{"line":27,"column":1}},"line":8},"1":{"name":"(anonymous_1)","decl":{"start":{"line":38,"column":13},"end":{"line":38,"column":14}},"loc":{"start":{"line":38,"column":29},"end":{"line":41,"column":5}},"line":38}},"branchMap":{"0":{"loc":{"start":{"line":15,"column":4},"end":{"line":18,"column":5}},"type":"if","locations":[{"start":{"line":15,"column":4},"end":{"line":18,"column":5}},{"start":{},"end":{}}],"line":15}},"s":{"0":2,"1":2,"2":2,"3":2,"4":2,"5":2,"6":2,"7":3,"8":3,"9":3,"10":3,"11":3,"12":2,"13":2,"14":1,"15":1,"16":1,"17":1,"18":0,"19":0,"20":2,"21":1,"22":1},"f":{"0":3,"1":1},"b":{"0":[2,1]},"_coverageSchema":"1a1c01bbd47fc00a2c39e90264f33305004495a9","hash":"bf5e191c0ff601591327d01b7e48f382f56822f7"}
,"C:\\projeto\\api_jwt_src\\backend-api-jwt\\app\\src\\Payload\\read_payload.js": {"path":"C:\\projeto\\api_jwt_src\\backend-api-jwt\\app\\src\\Payload\\read_payload.js","statementMap":{"0":{"start":{"line":1,"column":11},"end":{"line":1,"column":24}},"1":{"start":{"line":2,"column":13},"end":{"line":2,"column":28}},"2":{"start":{"line":5,"column":19},"end":{"line":5,"column":48}},"3":{"start":{"line":6,"column":19},"end":{"line":6,"column":71}},"4":{"start":{"line":8,"column":2},"end":{"line":22,"column":3}},"5":{"start":{"line":9,"column":17},"end":{"line":9,"column":50}},"6":{"start":{"line":10,"column":21},"end":{"line":10,"column":37}},"7":{"start":{"line":12,"column":4},"end":{"line":12,"column":20}},"8":{"start":{"line":14,"column":4},"end":{"line":20,"column":5}},"9":{"start":{"line":15,"column":6},"end":{"line":15,"column":60}},"10":{"start":{"line":16,"column":11},"end":{"line":20,"column":5}},"11":{"start":{"line":17,"column":6},"end":{"line":17,"column":61}},"12":{"start":{"line":19,"column":6},"end":{"line":19,"column":59}},"13":{"start":{"line":21,"column":4},"end":{"line":21,"column":16}},"14":{"start":{"line":25,"column":0},"end":{"line":25,"column":29}}},"fnMap":{"0":{"name":"readPayload","decl":{"start":{"line":4,"column":9},"end":{"line":4,"column":20}},"loc":{"start":{"line":4,"column":28},"end":{"line":23,"column":1}},"line":4}},"branchMap":{"0":{"loc":{"start":{"line":14,"column":4},"end":{"line":20,"column":5}},"type":"if","locations":[{"start":{"line":14,"column":4},"end":{"line":20,"column":5}},{"start":{"line":16,"column":11},"end":{"line":20,"column":5}}],"line":14},"1":{"loc":{"start":{"line":16,"column":11},"end":{"line":20,"column":5}},"type":"if","locations":[{"start":{"line":16,"column":11},"end":{"line":20,"column":5}},{"start":{"line":18,"column":11},"end":{"line":20,"column":5}}],"line":16}},"s":{"0":3,"1":3,"2":13,"3":13,"4":13,"5":13,"6":11,"7":10,"8":3,"9":1,"10":2,"11":1,"12":1,"13":3,"14":3},"f":{"0":13},"b":{"0":[1,2],"1":[1,1]},"_coverageSchema":"1a1c01bbd47fc00a2c39e90264f33305004495a9","hash":"61bf09e143e7b7174d85b8e7f66bee74343f6d34"}
,"C:\\projeto\\api_jwt_src\\backend-api-jwt\\app\\src\\services\\validation.js": {"path":"C:\\projeto\\api_jwt_src\\backend-api-jwt\\app\\src\\services\\validation.js","statementMap":{"0":{"start":{"line":1,"column":0},"end":{"line":40,"column":2}},"1":{"start":{"line":2,"column":2},"end":{"line":39,"column":3}},"2":{"start":{"line":4,"column":4},"end":{"line":6,"column":5}},"3":{"start":{"line":5,"column":6},"end":{"line":5,"column":74}},"4":{"start":{"line":9,"column":4},"end":{"line":13,"column":5}},"5":{"start":{"line":10,"column":6},"end":{"line":12,"column":8}},"6":{"start":{"line":16,"column":25},"end":{"line":16,"column":56}},"7":{"start":{"line":17,"column":4},"end":{"line":21,"column":5}},"8":{"start":{"line":18,"column":6},"end":{"line":20,"column":8}},"9":{"start":{"line":24,"column":25},"end":{"line":24,"column":47}},"10":{"start":{"line":25,"column":4},"end":{"line":27,"column":5}},"11":{"start":{"line":26,"column":6},"end":{"line":26,"column":70}},"12":{"start":{"line":30,"column":4},"end":{"line":34,"column":5}},"13":{"start":{"line":31,"column":6},"end":{"line":33,"column":8}},"14":{"start":{"line":36,"column":4},"end":{"line":36,"column":16}},"15":{"start":{"line":38,"column":4},"end":{"line":38,"column":25}},"16":{"start":{"line":42,"column":16},"end":{"line":47,"column":1}},"17":{"start":{"line":43,"column":2},"end":{"line":45,"column":3}},"18":{"start":{"line":43,"column":15},"end":{"line":43,"column":16}},"19":{"start":{"line":44,"column":4},"end":{"line":44,"column":36}},"20":{"start":{"line":44,"column":23},"end":{"line":44,"column":36}},"21":{"start":{"line":46,"column":2},"end":{"line":46,"column":17}}},"fnMap":{"0":{"name":"(anonymous_0)","decl":{"start":{"line":1,"column":33},"end":{"line":1,"column":34}},"loc":{"start":{"line":1,"column":46},"end":{"line":40,"column":1}},"line":1},"1":{"name":"(anonymous_1)","decl":{"start":{"line":42,"column":16},"end":{"line":42,"column":17}},"loc":{"start":{"line":42,"column":25},"end":{"line":47,"column":1}},"line":42}},"branchMap":{"0":{"loc":{"start":{"line":4,"column":4},"end":{"line":6,"column":5}},"type":"if","locations":[{"start":{"line":4,"column":4},"end":{"line":6,"column":5}},{"start":{},"end":{}}],"line":4},"1":{"loc":{"start":{"line":9,"column":4},"end":{"line":13,"column":5}},"type":"if","locations":[{"start":{"line":9,"column":4},"end":{"line":13,"column":5}},{"start":{},"end":{}}],"line":9},"2":{"loc":{"start":{"line":9,"column":8},"end":{"line":9,"column":67}},"type":"binary-expr","locations":[{"start":{"line":9,"column":8},"end":{"line":9,"column":40}},{"start":{"line":9,"column":44},"end":{"line":9,"column":67}}],"line":9},"3":{"loc":{"start":{"line":17,"column":4},"end":{"line":21,"column":5}},"type":"if","locations":[{"start":{"line":17,"column":4},"end":{"line":21,"column":5}},{"start":{},"end":{}}],"line":17},"4":{"loc":{"start":{"line":25,"column":4},"end":{"line":27,"column":5}},"type":"if","locations":[{"start":{"line":25,"column":4},"end":{"line":27,"column":5}},{"start":{},"end":{}}],"line":25},"5":{"loc":{"start":{"line":25,"column":8},"end":{"line":25,"column":53}},"type":"binary-expr","locations":[{"start":{"line":25,"column":8},"end":{"line":25,"column":27}},{"start":{"line":25,"column":31},"end":{"line":25,"column":53}}],"line":25},"6":{"loc":{"start":{"line":30,"column":4},"end":{"line":34,"column":5}},"type":"if","locations":[{"start":{"line":30,"column":4},"end":{"line":34,"column":5}},{"start":{},"end":{}}],"line":30},"7":{"loc":{"start":{"line":44,"column":4},"end":{"line":44,"column":36}},"type":"if","locations":[{"start":{"line":44,"column":4},"end":{"line":44,"column":36}},{"start":{},"end":{}}],"line":44}},"s":{"0":2,"1":6,"2":6,"3":1,"4":5,"5":1,"6":4,"7":4,"8":1,"9":3,"10":3,"11":1,"12":2,"13":1,"14":1,"15":5,"16":2,"17":3,"18":3,"19":15679,"20":1,"21":2},"f":{"0":6,"1":3},"b":{"0":[1,5],"1":[1,4],"2":[5,5],"3":[1,3],"4":[1,2],"5":[3,3],"6":[1,1],"7":[1,15678]},"_coverageSchema":"1a1c01bbd47fc00a2c39e90264f33305004495a9","hash":"3f834635f11dc4bd97bfdf08535fd968b1eb9cab"}
}
