TN:
SF:app\lib\logger.js
FNF:0
FNH:0
DA:1,2
DA:3,2
DA:14,2
LF:3
LH:3
BRF:0
BRH:0
end_of_record
TN:
SF:app\lib\server.js
FN:33,(anonymous_0)
FN:72,(anonymous_1)
FN:79,(anonymous_2)
FNF:3
FNH:3
FNDA:1,(anonymous_0)
FNDA:7,(anonymous_1)
FNDA:1,(anonymous_2)
DA:1,2
DA:2,2
DA:3,2
DA:4,2
DA:5,2
DA:6,2
DA:10,2
DA:14,2
DA:15,2
DA:16,2
DA:19,2
DA:29,2
DA:30,2
DA:34,1
DA:35,1
DA:39,2
DA:41,2
DA:43,2
DA:44,2
DA:45,2
DA:47,2
DA:49,2
DA:50,1
DA:53,2
DA:58,2
DA:62,2
DA:71,2
DA:73,7
DA:74,7
DA:77,7
DA:80,1
DA:81,1
DA:84,1
LF:33
LH:33
BRDA:49,0,0,1
BRDA:49,0,1,1
BRF:2
BRH:2
end_of_record
TN:
SF:app\lib\trace.js
FN:12,(anonymous_0)
FN:27,(anonymous_1)
FN:32,(anonymous_2)
FN:35,(anonymous_3)
FN:36,(anonymous_4)
FNF:5
FNH:4
FNDA:4,(anonymous_0)
FNDA:0,(anonymous_1)
FNDA:2,(anonymous_2)
FNDA:1,(anonymous_3)
FNDA:1,(anonymous_4)
DA:1,3
DA:4,3
DA:5,3
DA:6,3
DA:7,3
DA:10,3
DA:12,3
DA:13,4
DA:14,4
DA:25,4
DA:27,4
DA:28,0
DA:32,3
DA:33,2
DA:35,1
DA:36,1
DA:39,3
LF:17
LH:16
BRF:0
BRH:0
end_of_record
TN:
SF:app\lib\traceLog.js
FN:9,(anonymous_0)
FN:15,(anonymous_1)
FN:24,(anonymous_2)
FN:28,(anonymous_3)
FN:37,(anonymous_4)
FN:46,(anonymous_5)
FNF:6
FNH:5
FNDA:19,(anonymous_0)
FNDA:3,(anonymous_1)
FNDA:4,(anonymous_2)
FNDA:2,(anonymous_3)
FNDA:1,(anonymous_4)
FNDA:0,(anonymous_5)
DA:1,2
DA:2,2
DA:3,2
DA:4,2
DA:9,2
DA:10,19
DA:11,19
DA:12,19
DA:15,2
DA:16,3
DA:17,3
DA:24,2
DA:25,4
DA:28,2
DA:29,2
DA:30,2
DA:37,2
DA:38,1
DA:39,1
DA:46,2
DA:47,0
DA:48,0
DA:55,2
LF:23
LH:21
BRDA:16,0,0,3
BRDA:16,0,1,3
BRDA:29,1,0,2
BRDA:29,1,1,2
BRDA:38,2,0,1
BRDA:38,2,1,1
BRDA:47,3,0,0
BRDA:47,3,1,0
BRF:8
BRH:6
end_of_record
TN:
SF:app\routes\api.get.js
FN:7,(anonymous_0)
FN:20,(anonymous_1)
FNF:2
FNH:2
FNDA:1,(anonymous_0)
FNDA:1,(anonymous_1)
DA:1,2
DA:3,2
DA:8,1
DA:9,1
DA:21,1
DA:22,1
LF:6
LH:6
BRF:0
BRH:0
end_of_record
TN:
SF:app\routes\claims.routes.js
FN:8,(anonymous_0)
FN:38,(anonymous_1)
FNF:2
FNH:2
FNDA:3,(anonymous_0)
FNDA:1,(anonymous_1)
DA:1,2
DA:2,2
DA:3,2
DA:4,2
DA:5,2
DA:6,2
DA:8,2
DA:9,3
DA:10,3
DA:11,3
DA:14,3
DA:15,3
DA:16,2
DA:17,2
DA:19,1
DA:20,1
DA:21,1
DA:22,1
DA:24,0
DA:25,0
DA:29,2
DA:39,1
DA:40,1
LF:23
LH:21
BRDA:15,0,0,2
BRDA:15,0,1,1
BRF:2
BRH:2
end_of_record
TN:
SF:app\src\Payload\read_payload.js
FN:4,readPayload
FNF:1
FNH:1
FNDA:13,readPayload
DA:1,3
DA:2,3
DA:5,13
DA:6,13
DA:8,13
DA:9,13
DA:10,11
DA:12,10
DA:14,3
DA:15,1
DA:16,2
DA:17,1
DA:19,1
DA:21,3
DA:25,3
LF:15
LH:15
BRDA:14,0,0,1
BRDA:14,0,1,2
BRDA:16,1,0,1
BRDA:16,1,1,1
BRF:4
BRH:4
end_of_record
TN:
SF:app\src\services\validation.js
FN:1,(anonymous_0)
FN:42,(anonymous_1)
FNF:2
FNH:2
FNDA:6,(anonymous_0)
FNDA:3,(anonymous_1)
DA:1,2
DA:2,6
DA:4,6
DA:5,1
DA:9,5
DA:10,1
DA:16,4
DA:17,4
DA:18,1
DA:24,3
DA:25,3
DA:26,1
DA:30,2
DA:31,1
DA:36,1
DA:38,5
DA:42,2
DA:43,3
DA:44,15679
DA:46,2
LF:20
LH:20
BRDA:4,0,0,1
BRDA:4,0,1,5
BRDA:9,1,0,1
BRDA:9,1,1,4
BRDA:9,2,0,5
BRDA:9,2,1,5
BRDA:17,3,0,1
BRDA:17,3,1,3
BRDA:25,4,0,1
BRDA:25,4,1,2
BRDA:25,5,0,3
BRDA:25,5,1,3
BRDA:30,6,0,1
BRDA:30,6,1,1
BRDA:44,7,0,1
BRDA:44,7,1,15678
BRF:16
BRH:16
end_of_record
